11-Dec-2017 22:05:17.200 INFO [main] org.apache.catalina.startup.VersionLoggerListener.log Server version:        Apache Tomcat/8.5.23
11-Dec-2017 22:05:17.210 INFO [main] org.apache.catalina.startup.VersionLoggerListener.log Server built:          Sep 28 2017 10:30:11 UTC
11-Dec-2017 22:05:17.210 INFO [main] org.apache.catalina.startup.VersionLoggerListener.log Server number:         8.5.23.0
11-Dec-2017 22:05:17.210 INFO [main] org.apache.catalina.startup.VersionLoggerListener.log OS Name:               Windows 7
11-Dec-2017 22:05:17.210 INFO [main] org.apache.catalina.startup.VersionLoggerListener.log OS Version:            6.1
11-Dec-2017 22:05:17.210 INFO [main] org.apache.catalina.startup.VersionLoggerListener.log Architecture:          amd64
11-Dec-2017 22:05:17.210 INFO [main] org.apache.catalina.startup.VersionLoggerListener.log Java Home:             C:\Program Files\Java\jre-9.0.1
11-Dec-2017 22:05:17.210 INFO [main] org.apache.catalina.startup.VersionLoggerListener.log JVM Version:           9.0.1+11
11-Dec-2017 22:05:17.210 INFO [main] org.apache.catalina.startup.VersionLoggerListener.log JVM Vendor:            Oracle Corporation
11-Dec-2017 22:05:17.210 INFO [main] org.apache.catalina.startup.VersionLoggerListener.log CATALINA_BASE:         C:\Users\LIKHTAROVICH\IdeaProjects\HT2\apache-tomcat-8.5.23
11-Dec-2017 22:05:17.210 INFO [main] org.apache.catalina.startup.VersionLoggerListener.log CATALINA_HOME:         C:\Users\LIKHTAROVICH\IdeaProjects\HT2\apache-tomcat-8.5.23
11-Dec-2017 22:05:17.220 INFO [main] org.apache.catalina.startup.VersionLoggerListener.log Command line argument: -Djava.util.logging.config.file=C:\Users\LIKHTAROVICH\IdeaProjects\HT2\apache-tomcat-8.5.23\conf\logging.properties
11-Dec-2017 22:05:17.220 INFO [main] org.apache.catalina.startup.VersionLoggerListener.log Command line argument: -Djava.util.logging.manager=org.apache.juli.ClassLoaderLogManager
11-Dec-2017 22:05:17.220 INFO [main] org.apache.catalina.startup.VersionLoggerListener.log Command line argument: -Djdk.tls.ephemeralDHKeySize=2048
11-Dec-2017 22:05:17.230 INFO [main] org.apache.catalina.startup.VersionLoggerListener.log Command line argument: -Djava.protocol.handler.pkgs=org.apache.catalina.webresources
11-Dec-2017 22:05:17.230 INFO [main] org.apache.catalina.startup.VersionLoggerListener.log Command line argument: -Dcatalina.base=C:\Users\LIKHTAROVICH\IdeaProjects\HT2\apache-tomcat-8.5.23
11-Dec-2017 22:05:17.230 INFO [main] org.apache.catalina.startup.VersionLoggerListener.log Command line argument: -Dcatalina.home=C:\Users\LIKHTAROVICH\IdeaProjects\HT2\apache-tomcat-8.5.23
11-Dec-2017 22:05:17.230 INFO [main] org.apache.catalina.startup.VersionLoggerListener.log Command line argument: -Djava.io.tmpdir=C:\Users\LIKHTAROVICH\IdeaProjects\HT2\apache-tomcat-8.5.23\temp
11-Dec-2017 22:05:17.230 INFO [main] org.apache.catalina.core.AprLifecycleListener.lifecycleEvent The APR based Apache Tomcat Native library which allows optimal performance in production environments was not found on the java.library.path: [C:\Program Files\Java\jre-9.0.1\bin;C:\Windows\Sun\Java\bin;C:\Windows\system32;C:\Windows;C:\ProgramData\Oracle\Java\javapath;C:\Program Files (x86)\Intel\iCLS Client\;C:\Program Files\Intel\iCLS Client\;C:\Windows\system32;C:\Windows;C:\Windows\System32\Wbem;C:\Windows\System32\WindowsPowerShell\v1.0\;C:\Program Files (x86)\Intel\OpenCL SDK\2.0\bin\x86;C:\Program Files (x86)\Intel\OpenCL SDK\2.0\bin\x64;C:\Program Files\Intel\Intel(R) Management Engine Components\DAL;C:\Program Files\Intel\Intel(R) Management Engine Components\IPT;C:\Program Files (x86)\Intel\Intel(R) Management Engine Components\DAL;C:\Program Files (x86)\Intel\Intel(R) Management Engine Components\IPT;C:\Program Files (x86)\Common Files\Acronis\SnapAPI\;C:\Program Files (x86)\Common Files\Acronis\VirtualFile\;C:\Program Files (x86)\Common Files\Acronis\VirtualFile64\;C:\Program Files (x86)\Skype\Phone\;C:\Program Files (x86)\NVIDIA Corporation\PhysX\Common;C:\Program Files\Git\cmd;C:\Program Files\Java\jdk-9.0.1\bin;C:\Program Files\MySQL\MySQL Utilities 1.6\;.]
11-Dec-2017 22:05:17.413 INFO [main] org.apache.coyote.AbstractProtocol.init Initializing ProtocolHandler ["http-nio-8080"]
11-Dec-2017 22:05:17.756 INFO [main] org.apache.tomcat.util.net.NioSelectorPool.getSharedSelector Using a shared selector for servlet write/read
11-Dec-2017 22:05:17.776 INFO [main] org.apache.coyote.AbstractProtocol.init Initializing ProtocolHandler ["ajp-nio-8009"]
11-Dec-2017 22:05:17.786 INFO [main] org.apache.tomcat.util.net.NioSelectorPool.getSharedSelector Using a shared selector for servlet write/read
11-Dec-2017 22:05:17.786 INFO [main] org.apache.catalina.startup.Catalina.load Initialization processed in 2695 ms
11-Dec-2017 22:05:17.916 INFO [main] org.apache.catalina.core.StandardService.startInternal Starting service [Catalina]
11-Dec-2017 22:05:17.926 INFO [main] org.apache.catalina.core.StandardEngine.startInternal Starting Servlet Engine: Apache Tomcat/8.5.23
11-Dec-2017 22:05:17.986 INFO [localhost-startStop-1] org.apache.catalina.startup.HostConfig.deployDirectory Deploying web application directory [C:\Users\LIKHTAROVICH\IdeaProjects\HT2\apache-tomcat-8.5.23\webapps\docs]
11-Dec-2017 22:05:18.971 WARNING [localhost-startStop-1] org.apache.catalina.util.SessionIdGeneratorBase.createSecureRandom Creation of SecureRandom instance for session ID generation using [SHA1PRNG] took [140] milliseconds.
11-Dec-2017 22:05:19.041 INFO [localhost-startStop-1] org.apache.catalina.startup.HostConfig.deployDirectory Deployment of web application directory [C:\Users\LIKHTAROVICH\IdeaProjects\HT2\apache-tomcat-8.5.23\webapps\docs] has finished in [1,055] ms
11-Dec-2017 22:05:19.041 INFO [localhost-startStop-1] org.apache.catalina.startup.HostConfig.deployDirectory Deploying web application directory [C:\Users\LIKHTAROVICH\IdeaProjects\HT2\apache-tomcat-8.5.23\webapps\examples]
11-Dec-2017 22:05:20.031 INFO [localhost-startStop-1] org.apache.catalina.startup.HostConfig.deployDirectory Deployment of web application directory [C:\Users\LIKHTAROVICH\IdeaProjects\HT2\apache-tomcat-8.5.23\webapps\examples] has finished in [990] ms
11-Dec-2017 22:05:20.031 INFO [localhost-startStop-1] org.apache.catalina.startup.HostConfig.deployDirectory Deploying web application directory [C:\Users\LIKHTAROVICH\IdeaProjects\HT2\apache-tomcat-8.5.23\webapps\host-manager]
11-Dec-2017 22:05:20.151 INFO [localhost-startStop-1] org.apache.catalina.startup.HostConfig.deployDirectory Deployment of web application directory [C:\Users\LIKHTAROVICH\IdeaProjects\HT2\apache-tomcat-8.5.23\webapps\host-manager] has finished in [120] ms
11-Dec-2017 22:05:20.161 INFO [localhost-startStop-1] org.apache.catalina.startup.HostConfig.deployDirectory Deploying web application directory [C:\Users\LIKHTAROVICH\IdeaProjects\HT2\apache-tomcat-8.5.23\webapps\manager]
11-Dec-2017 22:05:20.218 INFO [localhost-startStop-1] org.apache.catalina.startup.HostConfig.deployDirectory Deployment of web application directory [C:\Users\LIKHTAROVICH\IdeaProjects\HT2\apache-tomcat-8.5.23\webapps\manager] has finished in [57] ms
11-Dec-2017 22:05:20.221 INFO [localhost-startStop-1] org.apache.catalina.startup.HostConfig.deployDirectory Deploying web application directory [C:\Users\LIKHTAROVICH\IdeaProjects\HT2\apache-tomcat-8.5.23\webapps\mywebapp]
11-Dec-2017 22:05:20.685 INFO [localhost-startStop-1] org.apache.jasper.servlet.TldScanner.scanJars At least one JAR was scanned for TLDs yet contained no TLDs. Enable debug logging for this logger for a complete list of JARs that were scanned but no TLDs were found in them. Skipping unneeded JARs during scanning can improve startup time and JSP compilation time.
11-Dec-2017 22:05:20.735 INFO [localhost-startStop-1] org.apache.catalina.startup.HostConfig.deployDirectory Deployment of web application directory [C:\Users\LIKHTAROVICH\IdeaProjects\HT2\apache-tomcat-8.5.23\webapps\mywebapp] has finished in [514] ms
11-Dec-2017 22:05:20.735 INFO [localhost-startStop-1] org.apache.catalina.startup.HostConfig.deployDirectory Deploying web application directory [C:\Users\LIKHTAROVICH\IdeaProjects\HT2\apache-tomcat-8.5.23\webapps\ROOT]
11-Dec-2017 22:05:20.775 INFO [localhost-startStop-1] org.apache.catalina.startup.HostConfig.deployDirectory Deployment of web application directory [C:\Users\LIKHTAROVICH\IdeaProjects\HT2\apache-tomcat-8.5.23\webapps\ROOT] has finished in [40] ms
11-Dec-2017 22:05:20.785 INFO [main] org.apache.coyote.AbstractProtocol.start Starting ProtocolHandler ["http-nio-8080"]
11-Dec-2017 22:05:20.815 INFO [main] org.apache.coyote.AbstractProtocol.start Starting ProtocolHandler ["ajp-nio-8009"]
11-Dec-2017 22:05:20.825 INFO [main] org.apache.catalina.startup.Catalina.start Server startup in 3040 ms
11-Dec-2017 22:10:17.514 INFO [Thread-4] org.apache.coyote.AbstractProtocol.pause Pausing ProtocolHandler ["http-nio-8080"]
11-Dec-2017 22:10:22.554 INFO [main] org.apache.catalina.startup.VersionLoggerListener.log Server version:        Apache Tomcat/8.5.23
11-Dec-2017 22:10:22.564 INFO [main] org.apache.catalina.startup.VersionLoggerListener.log Server built:          Sep 28 2017 10:30:11 UTC
11-Dec-2017 22:10:22.564 INFO [main] org.apache.catalina.startup.VersionLoggerListener.log Server number:         8.5.23.0
11-Dec-2017 22:10:22.564 INFO [main] org.apache.catalina.startup.VersionLoggerListener.log OS Name:               Windows 7
11-Dec-2017 22:10:22.564 INFO [main] org.apache.catalina.startup.VersionLoggerListener.log OS Version:            6.1
11-Dec-2017 22:10:22.564 INFO [main] org.apache.catalina.startup.VersionLoggerListener.log Architecture:          amd64
11-Dec-2017 22:10:22.564 INFO [main] org.apache.catalina.startup.VersionLoggerListener.log Java Home:             C:\Program Files\Java\jre-9.0.1
11-Dec-2017 22:10:22.564 INFO [main] org.apache.catalina.startup.VersionLoggerListener.log JVM Version:           9.0.1+11
11-Dec-2017 22:10:22.564 INFO [main] org.apache.catalina.startup.VersionLoggerListener.log JVM Vendor:            Oracle Corporation
11-Dec-2017 22:10:22.564 INFO [main] org.apache.catalina.startup.VersionLoggerListener.log CATALINA_BASE:         C:\Users\LIKHTAROVICH\IdeaProjects\HT2\apache-tomcat-8.5.23
11-Dec-2017 22:10:22.564 INFO [main] org.apache.catalina.startup.VersionLoggerListener.log CATALINA_HOME:         C:\Users\LIKHTAROVICH\IdeaProjects\HT2\apache-tomcat-8.5.23
11-Dec-2017 22:10:22.564 INFO [main] org.apache.catalina.startup.VersionLoggerListener.log Command line argument: -Djava.util.logging.config.file=C:\Users\LIKHTAROVICH\IdeaProjects\HT2\apache-tomcat-8.5.23\conf\logging.properties
11-Dec-2017 22:10:22.574 INFO [main] org.apache.catalina.startup.VersionLoggerListener.log Command line argument: -Djava.util.logging.manager=org.apache.juli.ClassLoaderLogManager
11-Dec-2017 22:10:22.574 INFO [main] org.apache.catalina.startup.VersionLoggerListener.log Command line argument: -Djdk.tls.ephemeralDHKeySize=2048
11-Dec-2017 22:10:22.574 INFO [main] org.apache.catalina.startup.VersionLoggerListener.log Command line argument: -Djava.protocol.handler.pkgs=org.apache.catalina.webresources
11-Dec-2017 22:10:22.574 INFO [main] org.apache.catalina.startup.VersionLoggerListener.log Command line argument: -Dcatalina.base=C:\Users\LIKHTAROVICH\IdeaProjects\HT2\apache-tomcat-8.5.23
11-Dec-2017 22:10:22.584 INFO [main] org.apache.catalina.startup.VersionLoggerListener.log Command line argument: -Dcatalina.home=C:\Users\LIKHTAROVICH\IdeaProjects\HT2\apache-tomcat-8.5.23
11-Dec-2017 22:10:22.584 INFO [main] org.apache.catalina.startup.VersionLoggerListener.log Command line argument: -Djava.io.tmpdir=C:\Users\LIKHTAROVICH\IdeaProjects\HT2\apache-tomcat-8.5.23\temp
11-Dec-2017 22:10:22.584 INFO [main] org.apache.catalina.core.AprLifecycleListener.lifecycleEvent The APR based Apache Tomcat Native library which allows optimal performance in production environments was not found on the java.library.path: [C:\Program Files\Java\jre-9.0.1\bin;C:\Windows\Sun\Java\bin;C:\Windows\system32;C:\Windows;C:\ProgramData\Oracle\Java\javapath;C:\Program Files (x86)\Intel\iCLS Client\;C:\Program Files\Intel\iCLS Client\;C:\Windows\system32;C:\Windows;C:\Windows\System32\Wbem;C:\Windows\System32\WindowsPowerShell\v1.0\;C:\Program Files (x86)\Intel\OpenCL SDK\2.0\bin\x86;C:\Program Files (x86)\Intel\OpenCL SDK\2.0\bin\x64;C:\Program Files\Intel\Intel(R) Management Engine Components\DAL;C:\Program Files\Intel\Intel(R) Management Engine Components\IPT;C:\Program Files (x86)\Intel\Intel(R) Management Engine Components\DAL;C:\Program Files (x86)\Intel\Intel(R) Management Engine Components\IPT;C:\Program Files (x86)\Common Files\Acronis\SnapAPI\;C:\Program Files (x86)\Common Files\Acronis\VirtualFile\;C:\Program Files (x86)\Common Files\Acronis\VirtualFile64\;C:\Program Files (x86)\Skype\Phone\;C:\Program Files (x86)\NVIDIA Corporation\PhysX\Common;C:\Program Files\Git\cmd;C:\Program Files\Java\jdk-9.0.1\bin;C:\Program Files\MySQL\MySQL Utilities 1.6\;.]
11-Dec-2017 22:10:22.658 INFO [main] org.apache.coyote.AbstractProtocol.init Initializing ProtocolHandler ["http-nio-8080"]
11-Dec-2017 22:10:22.848 INFO [main] org.apache.tomcat.util.net.NioSelectorPool.getSharedSelector Using a shared selector for servlet write/read
11-Dec-2017 22:10:22.858 INFO [main] org.apache.coyote.AbstractProtocol.init Initializing ProtocolHandler ["ajp-nio-8009"]
11-Dec-2017 22:10:22.868 INFO [main] org.apache.tomcat.util.net.NioSelectorPool.getSharedSelector Using a shared selector for servlet write/read
11-Dec-2017 22:10:22.868 INFO [main] org.apache.catalina.startup.Catalina.load Initialization processed in 1117 ms
11-Dec-2017 22:10:22.978 INFO [main] org.apache.catalina.core.StandardService.startInternal Starting service [Catalina]
11-Dec-2017 22:10:22.978 INFO [main] org.apache.catalina.core.StandardEngine.startInternal Starting Servlet Engine: Apache Tomcat/8.5.23
11-Dec-2017 22:10:22.998 INFO [localhost-startStop-1] org.apache.catalina.startup.HostConfig.deployDirectory Deploying web application directory [C:\Users\LIKHTAROVICH\IdeaProjects\HT2\apache-tomcat-8.5.23\webapps\docs]
11-Dec-2017 22:10:23.772 WARNING [localhost-startStop-1] org.apache.catalina.util.SessionIdGeneratorBase.createSecureRandom Creation of SecureRandom instance for session ID generation using [SHA1PRNG] took [159] milliseconds.
11-Dec-2017 22:10:23.802 INFO [localhost-startStop-1] org.apache.catalina.startup.HostConfig.deployDirectory Deployment of web application directory [C:\Users\LIKHTAROVICH\IdeaProjects\HT2\apache-tomcat-8.5.23\webapps\docs] has finished in [804] ms
11-Dec-2017 22:10:23.812 INFO [localhost-startStop-1] org.apache.catalina.startup.HostConfig.deployDirectory Deploying web application directory [C:\Users\LIKHTAROVICH\IdeaProjects\HT2\apache-tomcat-8.5.23\webapps\examples]
11-Dec-2017 22:10:24.534 INFO [localhost-startStop-1] org.apache.catalina.startup.HostConfig.deployDirectory Deployment of web application directory [C:\Users\LIKHTAROVICH\IdeaProjects\HT2\apache-tomcat-8.5.23\webapps\examples] has finished in [720] ms
11-Dec-2017 22:10:24.536 INFO [localhost-startStop-1] org.apache.catalina.startup.HostConfig.deployDirectory Deploying web application directory [C:\Users\LIKHTAROVICH\IdeaProjects\HT2\apache-tomcat-8.5.23\webapps\host-manager]
11-Dec-2017 22:10:24.616 INFO [localhost-startStop-1] org.apache.catalina.startup.HostConfig.deployDirectory Deployment of web application directory [C:\Users\LIKHTAROVICH\IdeaProjects\HT2\apache-tomcat-8.5.23\webapps\host-manager] has finished in [81] ms
11-Dec-2017 22:10:24.618 INFO [localhost-startStop-1] org.apache.catalina.startup.HostConfig.deployDirectory Deploying web application directory [C:\Users\LIKHTAROVICH\IdeaProjects\HT2\apache-tomcat-8.5.23\webapps\manager]
11-Dec-2017 22:10:24.685 INFO [localhost-startStop-1] org.apache.catalina.startup.HostConfig.deployDirectory Deployment of web application directory [C:\Users\LIKHTAROVICH\IdeaProjects\HT2\apache-tomcat-8.5.23\webapps\manager] has finished in [67] ms
11-Dec-2017 22:10:24.687 INFO [localhost-startStop-1] org.apache.catalina.startup.HostConfig.deployDirectory Deploying web application directory [C:\Users\LIKHTAROVICH\IdeaProjects\HT2\apache-tomcat-8.5.23\webapps\mywebapp]
11-Dec-2017 22:10:25.045 INFO [localhost-startStop-1] org.apache.jasper.servlet.TldScanner.scanJars At least one JAR was scanned for TLDs yet contained no TLDs. Enable debug logging for this logger for a complete list of JARs that were scanned but no TLDs were found in them. Skipping unneeded JARs during scanning can improve startup time and JSP compilation time.
11-Dec-2017 22:10:25.065 INFO [localhost-startStop-1] org.apache.catalina.startup.HostConfig.deployDirectory Deployment of web application directory [C:\Users\LIKHTAROVICH\IdeaProjects\HT2\apache-tomcat-8.5.23\webapps\mywebapp] has finished in [378] ms
11-Dec-2017 22:10:25.065 INFO [localhost-startStop-1] org.apache.catalina.startup.HostConfig.deployDirectory Deploying web application directory [C:\Users\LIKHTAROVICH\IdeaProjects\HT2\apache-tomcat-8.5.23\webapps\ROOT]
11-Dec-2017 22:10:25.105 INFO [localhost-startStop-1] org.apache.catalina.startup.HostConfig.deployDirectory Deployment of web application directory [C:\Users\LIKHTAROVICH\IdeaProjects\HT2\apache-tomcat-8.5.23\webapps\ROOT] has finished in [40] ms
11-Dec-2017 22:10:25.115 INFO [main] org.apache.coyote.AbstractProtocol.start Starting ProtocolHandler ["http-nio-8080"]
11-Dec-2017 22:10:25.135 INFO [main] org.apache.coyote.AbstractProtocol.start Starting ProtocolHandler ["ajp-nio-8009"]
11-Dec-2017 22:10:25.157 INFO [main] org.apache.catalina.startup.Catalina.start Server startup in 2282 ms
11-Dec-2017 22:12:31.774 INFO [main] org.apache.catalina.startup.VersionLoggerListener.log Server version:        Apache Tomcat/8.5.23
11-Dec-2017 22:12:31.780 INFO [main] org.apache.catalina.startup.VersionLoggerListener.log Server built:          Sep 28 2017 10:30:11 UTC
11-Dec-2017 22:12:31.780 INFO [main] org.apache.catalina.startup.VersionLoggerListener.log Server number:         8.5.23.0
11-Dec-2017 22:12:31.780 INFO [main] org.apache.catalina.startup.VersionLoggerListener.log OS Name:               Windows 7
11-Dec-2017 22:12:31.781 INFO [main] org.apache.catalina.startup.VersionLoggerListener.log OS Version:            6.1
11-Dec-2017 22:12:31.781 INFO [main] org.apache.catalina.startup.VersionLoggerListener.log Architecture:          amd64
11-Dec-2017 22:12:31.782 INFO [main] org.apache.catalina.startup.VersionLoggerListener.log Java Home:             C:\Program Files\Java\jre-9.0.1
11-Dec-2017 22:12:31.782 INFO [main] org.apache.catalina.startup.VersionLoggerListener.log JVM Version:           9.0.1+11
11-Dec-2017 22:12:31.782 INFO [main] org.apache.catalina.startup.VersionLoggerListener.log JVM Vendor:            Oracle Corporation
11-Dec-2017 22:12:31.783 INFO [main] org.apache.catalina.startup.VersionLoggerListener.log CATALINA_BASE:         C:\Users\LIKHTAROVICH\IdeaProjects\HT2\apache-tomcat-8.5.23
11-Dec-2017 22:12:31.784 INFO [main] org.apache.catalina.startup.VersionLoggerListener.log CATALINA_HOME:         C:\Users\LIKHTAROVICH\IdeaProjects\HT2\apache-tomcat-8.5.23
11-Dec-2017 22:12:31.784 INFO [main] org.apache.catalina.startup.VersionLoggerListener.log Command line argument: -Djava.util.logging.config.file=C:\Users\LIKHTAROVICH\IdeaProjects\HT2\apache-tomcat-8.5.23\conf\logging.properties
11-Dec-2017 22:12:31.786 INFO [main] org.apache.catalina.startup.VersionLoggerListener.log Command line argument: -Djava.util.logging.manager=org.apache.juli.ClassLoaderLogManager
11-Dec-2017 22:12:31.787 INFO [main] org.apache.catalina.startup.VersionLoggerListener.log Command line argument: -Djdk.tls.ephemeralDHKeySize=2048
11-Dec-2017 22:12:31.789 INFO [main] org.apache.catalina.startup.VersionLoggerListener.log Command line argument: -Djava.protocol.handler.pkgs=org.apache.catalina.webresources
11-Dec-2017 22:12:31.791 INFO [main] org.apache.catalina.startup.VersionLoggerListener.log Command line argument: -Dcatalina.base=C:\Users\LIKHTAROVICH\IdeaProjects\HT2\apache-tomcat-8.5.23
11-Dec-2017 22:12:31.792 INFO [main] org.apache.catalina.startup.VersionLoggerListener.log Command line argument: -Dcatalina.home=C:\Users\LIKHTAROVICH\IdeaProjects\HT2\apache-tomcat-8.5.23
11-Dec-2017 22:12:31.793 INFO [main] org.apache.catalina.startup.VersionLoggerListener.log Command line argument: -Djava.io.tmpdir=C:\Users\LIKHTAROVICH\IdeaProjects\HT2\apache-tomcat-8.5.23\temp
11-Dec-2017 22:12:31.796 INFO [main] org.apache.catalina.core.AprLifecycleListener.lifecycleEvent The APR based Apache Tomcat Native library which allows optimal performance in production environments was not found on the java.library.path: [C:\Program Files\Java\jre-9.0.1\bin;C:\Windows\Sun\Java\bin;C:\Windows\system32;C:\Windows;C:\ProgramData\Oracle\Java\javapath;C:\Program Files (x86)\Intel\iCLS Client\;C:\Program Files\Intel\iCLS Client\;C:\Windows\system32;C:\Windows;C:\Windows\System32\Wbem;C:\Windows\System32\WindowsPowerShell\v1.0\;C:\Program Files (x86)\Intel\OpenCL SDK\2.0\bin\x86;C:\Program Files (x86)\Intel\OpenCL SDK\2.0\bin\x64;C:\Program Files\Intel\Intel(R) Management Engine Components\DAL;C:\Program Files\Intel\Intel(R) Management Engine Components\IPT;C:\Program Files (x86)\Intel\Intel(R) Management Engine Components\DAL;C:\Program Files (x86)\Intel\Intel(R) Management Engine Components\IPT;C:\Program Files (x86)\Common Files\Acronis\SnapAPI\;C:\Program Files (x86)\Common Files\Acronis\VirtualFile\;C:\Program Files (x86)\Common Files\Acronis\VirtualFile64\;C:\Program Files (x86)\Skype\Phone\;C:\Program Files (x86)\NVIDIA Corporation\PhysX\Common;C:\Program Files\Git\cmd;C:\Program Files\Java\jdk-9.0.1\bin;C:\Program Files\MySQL\MySQL Utilities 1.6\;.]
11-Dec-2017 22:12:31.871 INFO [main] org.apache.coyote.AbstractProtocol.init Initializing ProtocolHandler ["http-nio-8080"]
11-Dec-2017 22:12:32.062 INFO [main] org.apache.tomcat.util.net.NioSelectorPool.getSharedSelector Using a shared selector for servlet write/read
11-Dec-2017 22:12:32.065 INFO [main] org.apache.coyote.AbstractProtocol.init Initializing ProtocolHandler ["ajp-nio-8009"]
11-Dec-2017 22:12:32.075 INFO [main] org.apache.tomcat.util.net.NioSelectorPool.getSharedSelector Using a shared selector for servlet write/read
11-Dec-2017 22:12:32.075 INFO [main] org.apache.catalina.startup.Catalina.load Initialization processed in 1122 ms
11-Dec-2017 22:12:32.175 INFO [main] org.apache.catalina.core.StandardService.startInternal Starting service [Catalina]
11-Dec-2017 22:12:32.175 INFO [main] org.apache.catalina.core.StandardEngine.startInternal Starting Servlet Engine: Apache Tomcat/8.5.23
11-Dec-2017 22:12:32.195 INFO [localhost-startStop-1] org.apache.catalina.startup.HostConfig.deployDirectory Deploying web application directory [C:\Users\LIKHTAROVICH\IdeaProjects\HT2\apache-tomcat-8.5.23\webapps\docs]
11-Dec-2017 22:12:32.989 WARNING [localhost-startStop-1] org.apache.catalina.util.SessionIdGeneratorBase.createSecureRandom Creation of SecureRandom instance for session ID generation using [SHA1PRNG] took [233] milliseconds.
11-Dec-2017 22:12:33.029 INFO [localhost-startStop-1] org.apache.catalina.startup.HostConfig.deployDirectory Deployment of web application directory [C:\Users\LIKHTAROVICH\IdeaProjects\HT2\apache-tomcat-8.5.23\webapps\docs] has finished in [834] ms
11-Dec-2017 22:12:33.039 INFO [localhost-startStop-1] org.apache.catalina.startup.HostConfig.deployDirectory Deploying web application directory [C:\Users\LIKHTAROVICH\IdeaProjects\HT2\apache-tomcat-8.5.23\webapps\examples]
11-Dec-2017 22:12:33.844 INFO [localhost-startStop-1] org.apache.catalina.startup.HostConfig.deployDirectory Deployment of web application directory [C:\Users\LIKHTAROVICH\IdeaProjects\HT2\apache-tomcat-8.5.23\webapps\examples] has finished in [805] ms
11-Dec-2017 22:12:33.844 INFO [localhost-startStop-1] org.apache.catalina.startup.HostConfig.deployDirectory Deploying web application directory [C:\Users\LIKHTAROVICH\IdeaProjects\HT2\apache-tomcat-8.5.23\webapps\host-manager]
11-Dec-2017 22:12:33.912 INFO [localhost-startStop-1] org.apache.catalina.startup.HostConfig.deployDirectory Deployment of web application directory [C:\Users\LIKHTAROVICH\IdeaProjects\HT2\apache-tomcat-8.5.23\webapps\host-manager] has finished in [68] ms
11-Dec-2017 22:12:33.915 INFO [localhost-startStop-1] org.apache.catalina.startup.HostConfig.deployDirectory Deploying web application directory [C:\Users\LIKHTAROVICH\IdeaProjects\HT2\apache-tomcat-8.5.23\webapps\manager]
11-Dec-2017 22:12:33.980 INFO [localhost-startStop-1] org.apache.catalina.startup.HostConfig.deployDirectory Deployment of web application directory [C:\Users\LIKHTAROVICH\IdeaProjects\HT2\apache-tomcat-8.5.23\webapps\manager] has finished in [65] ms
11-Dec-2017 22:12:33.984 INFO [localhost-startStop-1] org.apache.catalina.startup.HostConfig.deployDirectory Deploying web application directory [C:\Users\LIKHTAROVICH\IdeaProjects\HT2\apache-tomcat-8.5.23\webapps\mywebapp]
11-Dec-2017 22:12:34.324 INFO [localhost-startStop-1] org.apache.jasper.servlet.TldScanner.scanJars At least one JAR was scanned for TLDs yet contained no TLDs. Enable debug logging for this logger for a complete list of JARs that were scanned but no TLDs were found in them. Skipping unneeded JARs during scanning can improve startup time and JSP compilation time.
11-Dec-2017 22:12:34.334 INFO [localhost-startStop-1] org.apache.catalina.startup.HostConfig.deployDirectory Deployment of web application directory [C:\Users\LIKHTAROVICH\IdeaProjects\HT2\apache-tomcat-8.5.23\webapps\mywebapp] has finished in [351] ms
11-Dec-2017 22:12:34.334 INFO [localhost-startStop-1] org.apache.catalina.startup.HostConfig.deployDirectory Deploying web application directory [C:\Users\LIKHTAROVICH\IdeaProjects\HT2\apache-tomcat-8.5.23\webapps\ROOT]
11-Dec-2017 22:12:34.373 INFO [localhost-startStop-1] org.apache.catalina.startup.HostConfig.deployDirectory Deployment of web application directory [C:\Users\LIKHTAROVICH\IdeaProjects\HT2\apache-tomcat-8.5.23\webapps\ROOT] has finished in [39] ms
11-Dec-2017 22:12:34.380 INFO [main] org.apache.coyote.AbstractProtocol.start Starting ProtocolHandler ["http-nio-8080"]
11-Dec-2017 22:12:34.394 INFO [main] org.apache.coyote.AbstractProtocol.start Starting ProtocolHandler ["ajp-nio-8009"]
11-Dec-2017 22:12:34.404 INFO [main] org.apache.catalina.startup.Catalina.start Server startup in 2329 ms
